1684943049746|DDSNode | Installer le plugin dds
1684943049795|DDSNode | Connexion
1684943049804|DDSNode | Fin connexion
1684943050811|DDSPlugin | Propager topic : Temperatures
1684943050811|DDSNode | Write topic :Temperatures
1684943050811|LockPlugin | Lock topic :Temperatures
1684943050812|LockPlugin | Fin lock topic :Temperatures Succes : true
1684943050812|LockPlugin | Unlock topic :Temperatures
1684943050812|LockPlugin | fin unLock topic :Temperatures
1684943050812|LockPlugin | unlock topic :Temperatures not found
1684943050812|DDSNode | Fin Write topic :Temperatures
1684943050813|DDSPlugin | Fin propager topic : Temperatures
1684943050844|DDSPlugin |  getWriterURI
1684943050844|DDSPlugin | Write topic : Temperatures
1684943050844|DDSPlugin | Propager topic : Temperatures
1684943050844|DDSNode | Write topic :Temperatures
1684943050844|LockPlugin | Lock topic :Temperatures
1684943050844|LockPlugin | Fin lock topic :Temperatures Succes : true
1684943050844|LockPlugin | Unlock topic :Temperatures
1684943050844|LockPlugin | fin unLock topic :Temperatures
1684943050844|LockPlugin | unlock topic :Temperatures not found
1684943050844|DDSNode | Fin Write topic :Temperatures
1684943050845|DDSPlugin | Fin propager topic : Temperatures
1684943050845|DDSPlugin | Fin write topic : Temperatures
1684943053817|LockPlugin | Propagate Lock topic :Notification id = 377222e9-d1ec-41ac-a153-fecf83bbd7c8
1684943053817|LockPlugin | Try lock topic :Notification
1684943053817|LockPlugin | Fin try lock topic :Notification Succes : true
1684943053820|LockPlugin | Propagate Lock topic :Notification id = 377222e9-d1ec-41ac-a153-fecf83bbd7c8
1684943053823|LockPlugin | Propagate Lock topic :Notification id = 377222e9-d1ec-41ac-a153-fecf83bbd7c8 succes true
1684943053835|LockPlugin | Propagate unlock topic :Notification id propagation = 377222e9-d1ec-41ac-a153-fecf83bbd7c8 id propagationUnlock = a1b8c07f-416a-4def-9b42-7759451cbd77
1684943053835|LockPlugin | Unlock topic :Notification
1684943053835|LockPlugin | fin unLock topic :Notification
1684943053835|LockPlugin | unlock topic :Notification not found
1684943053837|LockPlugin | Propagate unlock topic :Notification id propagation = 377222e9-d1ec-41ac-a153-fecf83bbd7c8 id propagationUnlock = a1b8c07f-416a-4def-9b42-7759451cbd77
1684943053838|LockPlugin | Fin propagate unlock topic :Notification id propagation = 377222e9-d1ec-41ac-a153-fecf83bbd7c8 id propagationUnlock = a1b8c07f-416a-4def-9b42-7759451cbd77
1684943053849|DDSPlugin |  getReaderURI
1684943053849|DDSPlugin |  read topic : Temperatures
1684943053849|DDSNode | Read topic :Temperatures
1684943053849|LockPlugin | Lock topic :Temperatures
1684943053849|LockPlugin | Fin lock topic :Temperatures Succes : true
1684943053849|LockPlugin | Unlock topic :Temperatures
1684943053849|LockPlugin | fin unLock topic :Temperatures
1684943053849|LockPlugin | unlock topic :Temperatures not found
1684943053849|DDSNode | Fin read topic :Temperatures
1684943053891|LockPlugin | Propagate Lock topic :Notification id = 36d71683-6825-4c06-92a4-eb51ce72e0fd
1684943053891|LockPlugin | Try lock topic :Notification
1684943053891|LockPlugin | Fin try lock topic :Notification Succes : true
1684943053893|LockPlugin | Propagate Lock topic :Notification id = 36d71683-6825-4c06-92a4-eb51ce72e0fd
1684943053893|LockPlugin | Propagate Lock topic :Notification id = 36d71683-6825-4c06-92a4-eb51ce72e0fd succes true
1684943053894|LockPlugin | Propagate unlock topic :Notification id propagation = 36d71683-6825-4c06-92a4-eb51ce72e0fd id propagationUnlock = b7215df2-2b99-499a-b404-142f8351b98a
1684943053894|LockPlugin | Unlock topic :Notification
1684943053894|LockPlugin | fin unLock topic :Notification
1684943053894|LockPlugin | unlock topic :Notification not found
1684943053895|LockPlugin | Propagate unlock topic :Notification id propagation = 36d71683-6825-4c06-92a4-eb51ce72e0fd id propagationUnlock = b7215df2-2b99-499a-b404-142f8351b98a
1684943053895|LockPlugin | Fin propagate unlock topic :Notification id propagation = 36d71683-6825-4c06-92a4-eb51ce72e0fd id propagationUnlock = b7215df2-2b99-499a-b404-142f8351b98a
1684943069759|DDSNode | Fin
