1684932857998|DDSNode | Installer le plugin dds
1684932858052|DDSNode | Connexion
1684932858054|DDSNode | Fin connexion
1684932859079|DDSPlugin | Propager topic : Notification
1684932859079|DDSNode | Write topic :Notification
1684932859079|LockPlugin | Lock topic :Notification
1684932859079|LockPlugin | Fin lock topic :Notification Succes : true
1684932859079|LockPlugin | Unlock topic :Notification
1684932859079|LockPlugin | fin unLock topic :Notification
1684932859079|LockPlugin | unlock topic :Notification not found
1684932859079|DDSNode | Fin Write topic :Notification
1684932859085|DDSPlugin | Fin propager topic : Notification
1684932859140|DDSPlugin | Propager topic : Notification
1684932859140|DDSNode | Write topic :Notification
1684932859140|LockPlugin | Lock topic :Notification
1684932859140|LockPlugin | Fin lock topic :Notification Succes : true
1684932859140|LockPlugin | Unlock topic :Notification
1684932859140|LockPlugin | fin unLock topic :Notification
1684932859140|LockPlugin | unlock topic :Notification not found
1684932859140|DDSNode | Fin Write topic :Notification
1684932859141|DDSPlugin | Fin propager topic : Notification
1684932862098|LockPlugin | Propagate Lock topic :Notification id = 67d4addc-ef4d-4c4f-9548-517b164a2d0b
1684932862098|LockPlugin | Try lock topic :Notification
1684932862098|LockPlugin | Fin try lock topic :Notification Succes : true
1684932862105|LockPlugin | Propagate Lock topic :Notification id = 67d4addc-ef4d-4c4f-9548-517b164a2d0b
1684932862109|LockPlugin | Propagate Lock topic :Notification id = 67d4addc-ef4d-4c4f-9548-517b164a2d0b succes true
1684932862119|DDSPlugin | Consommer topic : Notification
1684932862119|DDSNode | Take topic :Notification
1684932862119|DDSNode | Fin Take topic :Notification
1684932862119|DDSPlugin | Fin Consommer topic : Notification
1684932862121|LockPlugin | Propagate unlock topic :Notification id propagation = 67d4addc-ef4d-4c4f-9548-517b164a2d0b id propagationUnlock = c1786184-278d-4ea6-9906-bec8dd4d15f2
1684932862121|LockPlugin | Unlock topic :Notification
1684932862121|LockPlugin | fin unLock topic :Notification
1684932862121|LockPlugin | unlock topic :Notification not found
1684932862122|LockPlugin | Propagate unlock topic :Notification id propagation = 67d4addc-ef4d-4c4f-9548-517b164a2d0b id propagationUnlock = c1786184-278d-4ea6-9906-bec8dd4d15f2
1684932862127|LockPlugin | Fin propagate unlock topic :Notification id propagation = 67d4addc-ef4d-4c4f-9548-517b164a2d0b id propagationUnlock = c1786184-278d-4ea6-9906-bec8dd4d15f2
1684932862142|LockPlugin | Propagate Lock topic :Notification id = 0f65155a-43b3-4fce-9b4c-e24d6911eb9b
1684932862142|LockPlugin | Try lock topic :Notification
1684932862142|LockPlugin | Fin try lock topic :Notification Succes : true
1684932862143|LockPlugin | Propagate Lock topic :Notification id = 0f65155a-43b3-4fce-9b4c-e24d6911eb9b
1684932862143|LockPlugin | Propagate Lock topic :Notification id = 0f65155a-43b3-4fce-9b4c-e24d6911eb9b succes true
1684932862144|DDSPlugin | Consommer topic : Notification
1684932862145|DDSNode | Take topic :Notification
1684932862145|DDSNode | Fin Take topic :Notification
1684932862145|DDSPlugin | Fin Consommer topic : Notification
1684932862145|LockPlugin | Propagate unlock topic :Notification id propagation = 0f65155a-43b3-4fce-9b4c-e24d6911eb9b id propagationUnlock = 8265fe3e-a7d0-4ef3-b2d1-1786c140d544
1684932862145|LockPlugin | Unlock topic :Notification
1684932862145|LockPlugin | fin unLock topic :Notification
1684932862145|LockPlugin | unlock topic :Notification not found
1684932862145|LockPlugin | Propagate unlock topic :Notification id propagation = 0f65155a-43b3-4fce-9b4c-e24d6911eb9b id propagationUnlock = 8265fe3e-a7d0-4ef3-b2d1-1786c140d544
1684932862146|LockPlugin | Fin propagate unlock topic :Notification id propagation = 0f65155a-43b3-4fce-9b4c-e24d6911eb9b id propagationUnlock = 8265fe3e-a7d0-4ef3-b2d1-1786c140d544
1684932878078|DDSNode | Fin
